{"numFailedTestSuites":0,"numFailedTests":0,"numPassedTestSuites":1,"numPassedTests":39,"numPendingTestSuites":0,"numPendingTests":0,"numRuntimeErrorTestSuites":0,"numTodoTests":0,"numTotalTestSuites":1,"numTotalTests":39,"openHandles":[],"snapshot":{"added":0,"didUpdate":false,"failure":false,"filesAdded":0,"filesRemoved":0,"filesRemovedList":[],"filesUnmatched":0,"filesUpdated":0,"matched":0,"total":0,"unchecked":0,"uncheckedKeysByFile":[],"unmatched":0,"updated":0},"startTime":1762222911033,"success":true,"testResults":[{"assertionResults":[{"ancestorTitles":["提示词模板系统 - 全面单元测试","卡片模板基础功能"],"duration":4,"failureDetails":[],"failureMessages":[],"fullName":"提示词模板系统 - 全面单元测试 卡片模板基础功能 应该包含所有必需的卡片类型","invocations":1,"location":null,"numPassingAsserts":5,"retryReasons":[],"status":"passed","title":"应该包含所有必需的卡片类型"},{"ancestorTitles":["提示词模板系统 - 全面单元测试","卡片模板基础功能"],"duration":6,"failureDetails":[],"failureMessages":[],"fullName":"提示词模板系统 - 全面单元测试 卡片模板基础功能 应该为每个卡片类型提供完整的模板信息","invocations":1,"location":null,"numPassingAsserts":60,"retryReasons":[],"status":"passed","title":"应该为每个卡片类型提供完整的模板信息"},{"ancestorTitles":["提示词模板系统 - 全面单元测试","generatePrompt 函数测试"],"duration":1,"failureDetails":[],"failureMessages":[],"fullName":"提示词模板系统 - 全面单元测试 generatePrompt 函数测试 应该为概念卡片生成正确的提示词","invocations":1,"location":null,"numPassingAsserts":10,"retryReasons":[],"status":"passed","title":"应该为概念卡片生成正确的提示词"},{"ancestorTitles":["提示词模板系统 - 全面单元测试","generatePrompt 函数测试"],"duration":1,"failureDetails":[],"failureMessages":[],"fullName":"提示词模板系统 - 全面单元测试 generatePrompt 函数测试 应该为实例卡片生成正确的提示词","invocations":1,"location":null,"numPassingAsserts":5,"retryReasons":[],"status":"passed","title":"应该为实例卡片生成正确的提示词"},{"ancestorTitles":["提示词模板系统 - 全面单元测试","generatePrompt 函数测试"],"duration":1,"failureDetails":[],"failureMessages":[],"fullName":"提示词模板系统 - 全面单元测试 generatePrompt 函数测试 应该为练习卡片生成正确的提示词","invocations":1,"location":null,"numPassingAsserts":5,"retryReasons":[],"status":"passed","title":"应该为练习卡片生成正确的提示词"},{"ancestorTitles":["提示词模板系统 - 全面单元测试","generatePrompt 函数测试"],"duration":0,"failureDetails":[],"failureMessages":[],"fullName":"提示词模板系统 - 全面单元测试 generatePrompt 函数测试 应该为拓展卡片生成正确的提示词","invocations":1,"location":null,"numPassingAsserts":5,"retryReasons":[],"status":"passed","title":"应该为拓展卡片生成正确的提示词"},{"ancestorTitles":["提示词模板系统 - 全面单元测试","generatePrompt 函数测试"],"duration":1,"failureDetails":[],"failureMessages":[],"fullName":"提示词模板系统 - 全面单元测试 generatePrompt 函数测试 应该处理缺失的可选参数","invocations":1,"location":null,"numPassingAsserts":4,"retryReasons":[],"status":"passed","title":"应该处理缺失的可选参数"},{"ancestorTitles":["提示词模板系统 - 全面单元测试","generatePrompt 函数测试"],"duration":0,"failureDetails":[],"failureMessages":[],"fullName":"提示词模板系统 - 全面单元测试 generatePrompt 函数测试 应该处理额外上下文信息","invocations":1,"location":null,"numPassingAsserts":1,"retryReasons":[],"status":"passed","title":"应该处理额外上下文信息"},{"ancestorTitles":["提示词模板系统 - 全面单元测试","generatePrompt 函数测试"],"duration":19,"failureDetails":[],"failureMessages":[],"fullName":"提示词模板系统 - 全面单元测试 generatePrompt 函数测试 应该在无效卡片类型时抛出错误","invocations":1,"location":null,"numPassingAsserts":1,"retryReasons":[],"status":"passed","title":"应该在无效卡片类型时抛出错误"},{"ancestorTitles":["提示词模板系统 - 全面单元测试","validateCardContent 函数测试"],"duration":1,"failureDetails":[],"failureMessages":[],"fullName":"提示词模板系统 - 全面单元测试 validateCardContent 函数测试 应该验证有效的概念卡片内容","invocations":1,"location":null,"numPassingAsserts":2,"retryReasons":[],"status":"passed","title":"应该验证有效的概念卡片内容"},{"ancestorTitles":["提示词模板系统 - 全面单元测试","validateCardContent 函数测试"],"duration":1,"failureDetails":[],"failureMessages":[],"fullName":"提示词模板系统 - 全面单元测试 validateCardContent 函数测试 应该拒绝缺少必需结构的内容","invocations":1,"location":null,"numPassingAsserts":2,"retryReasons":[],"status":"passed","title":"应该拒绝缺少必需结构的内容"},{"ancestorTitles":["提示词模板系统 - 全面单元测试","validateCardContent 函数测试"],"duration":0,"failureDetails":[],"failureMessages":[],"fullName":"提示词模板系统 - 全面单元测试 validateCardContent 函数测试 应该拒绝空内容","invocations":1,"location":null,"numPassingAsserts":4,"retryReasons":[],"status":"passed","title":"应该拒绝空内容"},{"ancestorTitles":["提示词模板系统 - 全面单元测试","validateCardContent 函数测试"],"duration":1,"failureDetails":[],"failureMessages":[],"fullName":"提示词模板系统 - 全面单元测试 validateCardContent 函数测试 应该拒绝过短的内容","invocations":1,"location":null,"numPassingAsserts":2,"retryReasons":[],"status":"passed","title":"应该拒绝过短的内容"},{"ancestorTitles":["提示词模板系统 - 全面单元测试","validateCardContent 函数测试"],"duration":0,"failureDetails":[],"failureMessages":[],"fullName":"提示词模板系统 - 全面单元测试 validateCardContent 函数测试 应该拒绝过长的内容","invocations":1,"location":null,"numPassingAsserts":2,"retryReasons":[],"status":"passed","title":"应该拒绝过长的内容"},{"ancestorTitles":["提示词模板系统 - 全面单元测试","validateCardContent 函数测试"],"duration":1,"failureDetails":[],"failureMessages":[],"fullName":"提示词模板系统 - 全面单元测试 validateCardContent 函数测试 应该处理未知的卡片类型","invocations":1,"location":null,"numPassingAsserts":2,"retryReasons":[],"status":"passed","title":"应该处理未知的卡片类型"},{"ancestorTitles":["提示词模板系统 - 全面单元测试","getCardTypes 函数测试"],"duration":6,"failureDetails":[],"failureMessages":[],"fullName":"提示词模板系统 - 全面单元测试 getCardTypes 函数测试 应该返回所有卡片类型的信息","invocations":1,"location":null,"numPassingAsserts":37,"retryReasons":[],"status":"passed","title":"应该返回所有卡片类型的信息"},{"ancestorTitles":["提示词模板系统 - 全面单元测试","generateAllCardsPrompt 函数测试"],"duration":5,"failureDetails":[],"failureMessages":[],"fullName":"提示词模板系统 - 全面单元测试 generateAllCardsPrompt 函数测试 应该为所有卡片类型生成提示词","invocations":1,"location":null,"numPassingAsserts":25,"retryReasons":[],"status":"passed","title":"应该为所有卡片类型生成提示词"},{"ancestorTitles":["提示词模板系统 - 全面单元测试","validateAllCards 函数测试"],"duration":2,"failureDetails":[],"failureMessages":[],"fullName":"提示词模板系统 - 全面单元测试 validateAllCards 函数测试 应该验证所有卡片内容","invocations":1,"location":null,"numPassingAsserts":9,"retryReasons":[],"status":"passed","title":"应该验证所有卡片内容"},{"ancestorTitles":["提示词模板系统 - 全面单元测试","validateAllCards 函数测试"],"duration":2,"failureDetails":[],"failureMessages":[],"fullName":"提示词模板系统 - 全面单元测试 validateAllCards 函数测试 应该识别无效的卡片内容","invocations":1,"location":null,"numPassingAsserts":9,"retryReasons":[],"status":"passed","title":"应该识别无效的卡片内容"},{"ancestorTitles":["提示词模板系统 - 全面单元测试","难度级别处理测试"],"duration":0,"failureDetails":[],"failureMessages":[],"fullName":"提示词模板系统 - 全面单元测试 难度级别处理测试 应该正确处理简单难度","invocations":1,"location":null,"numPassingAsserts":1,"retryReasons":[],"status":"passed","title":"应该正确处理简单难度"},{"ancestorTitles":["提示词模板系统 - 全面单元测试","难度级别处理测试"],"duration":1,"failureDetails":[],"failureMessages":[],"fullName":"提示词模板系统 - 全面单元测试 难度级别处理测试 应该正确处理中等难度","invocations":1,"location":null,"numPassingAsserts":1,"retryReasons":[],"status":"passed","title":"应该正确处理中等难度"},{"ancestorTitles":["提示词模板系统 - 全面单元测试","难度级别处理测试"],"duration":0,"failureDetails":[],"failureMessages":[],"fullName":"提示词模板系统 - 全面单元测试 难度级别处理测试 应该正确处理困难难度","invocations":1,"location":null,"numPassingAsserts":1,"retryReasons":[],"status":"passed","title":"应该正确处理困难难度"},{"ancestorTitles":["提示词模板系统 - 全面单元测试","难度级别处理测试"],"duration":1,"failureDetails":[],"failureMessages":[],"fullName":"提示词模板系统 - 全面单元测试 难度级别处理测试 应该使用默认难度当未指定时","invocations":1,"location":null,"numPassingAsserts":1,"retryReasons":[],"status":"passed","title":"应该使用默认难度当未指定时"},{"ancestorTitles":["提示词模板系统 - 全面单元测试","边界条件测试"],"duration":1,"failureDetails":[],"failureMessages":[],"fullName":"提示词模板系统 - 全面单元测试 边界条件测试 应该处理极长的知识点名称","invocations":1,"location":null,"numPassingAsserts":2,"retryReasons":[],"status":"passed","title":"应该处理极长的知识点名称"},{"ancestorTitles":["提示词模板系统 - 全面单元测试","边界条件测试"],"duration":0,"failureDetails":[],"failureMessages":[],"fullName":"提示词模板系统 - 全面单元测试 边界条件测试 应该处理特殊字符","invocations":1,"location":null,"numPassingAsserts":1,"retryReasons":[],"status":"passed","title":"应该处理特殊字符"},{"ancestorTitles":["提示词模板系统 - 全面单元测试","边界条件测试"],"duration":1,"failureDetails":[],"failureMessages":[],"fullName":"提示词模板系统 - 全面单元测试 边界条件测试 应该处理Unicode字符","invocations":1,"location":null,"numPassingAsserts":1,"retryReasons":[],"status":"passed","title":"应该处理Unicode字符"},{"ancestorTitles":["提示词模板系统 - 全面单元测试","边界条件测试"],"duration":0,"failureDetails":[],"failureMessages":[],"fullName":"提示词模板系统 - 全面单元测试 边界条件测试 应该处理空白字符","invocations":1,"location":null,"numPassingAsserts":3,"retryReasons":[],"status":"passed","title":"应该处理空白字符"},{"ancestorTitles":["提示词模板系统 - 全面单元测试","性能测试"],"duration":26,"failureDetails":[],"failureMessages":[],"fullName":"提示词模板系统 - 全面单元测试 性能测试 应该快速生成提示词","invocations":1,"location":null,"numPassingAsserts":1,"retryReasons":[],"status":"passed","title":"应该快速生成提示词"},{"ancestorTitles":["提示词模板系统 - 全面单元测试","性能测试"],"duration":15,"failureDetails":[],"failureMessages":[],"fullName":"提示词模板系统 - 全面单元测试 性能测试 应该快速验证内容","invocations":1,"location":null,"numPassingAsserts":1,"retryReasons":[],"status":"passed","title":"应该快速验证内容"},{"ancestorTitles":["提示词模板系统 - 全面单元测试","内存使用测试"],"duration":11,"failureDetails":[],"failureMessages":[],"fullName":"提示词模板系统 - 全面单元测试 内存使用测试 应该正确处理大量提示词生成","invocations":1,"location":null,"numPassingAsserts":101,"retryReasons":[],"status":"passed","title":"应该正确处理大量提示词生成"},{"ancestorTitles":["提示词模板系统 - 全面单元测试","内存使用测试"],"duration":10,"failureDetails":[],"failureMessages":[],"fullName":"提示词模板系统 - 全面单元测试 内存使用测试 应该正确处理大量内容验证","invocations":1,"location":null,"numPassingAsserts":101,"retryReasons":[],"status":"passed","title":"应该正确处理大量内容验证"},{"ancestorTitles":["提示词模板系统 - 全面单元测试","模板一致性测试"],"duration":1,"failureDetails":[],"failureMessages":[],"fullName":"提示词模板系统 - 全面单元测试 模板一致性测试 应该确保所有模板包含必需的占位符","invocations":1,"location":null,"numPassingAsserts":16,"retryReasons":[],"status":"passed","title":"应该确保所有模板包含必需的占位符"},{"ancestorTitles":["提示词模板系统 - 全面单元测试","模板一致性测试"],"duration":1,"failureDetails":[],"failureMessages":[],"fullName":"提示词模板系统 - 全面单元测试 模板一致性测试 应该确保所有模板有合理的预期长度","invocations":1,"location":null,"numPassingAsserts":8,"retryReasons":[],"status":"passed","title":"应该确保所有模板有合理的预期长度"},{"ancestorTitles":["提示词模板系统 - 全面单元测试","模板一致性测试"],"duration":1,"failureDetails":[],"failureMessages":[],"fullName":"提示词模板系统 - 全面单元测试 模板一致性测试 应该确保所有验证函数正常工作","invocations":1,"location":null,"numPassingAsserts":8,"retryReasons":[],"status":"passed","title":"应该确保所有验证函数正常工作"},{"ancestorTitles":["提示词模板系统 - 全面单元测试","国际化支持测试"],"duration":0,"failureDetails":[],"failureMessages":[],"fullName":"提示词模板系统 - 全面单元测试 国际化支持测试 应该支持中文内容","invocations":1,"location":null,"numPassingAsserts":3,"retryReasons":[],"status":"passed","title":"应该支持中文内容"},{"ancestorTitles":["提示词模板系统 - 全面单元测试","国际化支持测试"],"duration":1,"failureDetails":[],"failureMessages":[],"fullName":"提示词模板系统 - 全面单元测试 国际化支持测试 应该支持英文内容","invocations":1,"location":null,"numPassingAsserts":3,"retryReasons":[],"status":"passed","title":"应该支持英文内容"},{"ancestorTitles":["提示词模板系统 - 全面单元测试","国际化支持测试"],"duration":0,"failureDetails":[],"failureMessages":[],"fullName":"提示词模板系统 - 全面单元测试 国际化支持测试 应该处理混合语言内容","invocations":1,"location":null,"numPassingAsserts":3,"retryReasons":[],"status":"passed","title":"应该处理混合语言内容"},{"ancestorTitles":["提示词模板系统 - 全面单元测试","回归测试"],"duration":1,"failureDetails":[],"failureMessages":[],"fullName":"提示词模板系统 - 全面单元测试 回归测试 应该保持API向后兼容性","invocations":1,"location":null,"numPassingAsserts":3,"retryReasons":[],"status":"passed","title":"应该保持API向后兼容性"},{"ancestorTitles":["提示词模板系统 - 全面单元测试","回归测试"],"duration":1,"failureDetails":[],"failureMessages":[],"fullName":"提示词模板系统 - 全面单元测试 回归测试 应该处理旧版本的输入格式","invocations":1,"location":null,"numPassingAsserts":4,"retryReasons":[],"status":"passed","title":"应该处理旧版本的输入格式"}],"endTime":1762222913783,"message":"","name":"/Users/apple/inspi/inspi-ai-platform/src/__tests__/unit/ai/promptTemplates.test.ts","startTime":1762222913055,"status":"passed","summary":""}],"wasInterrupted":false}
